sty 21, 2016 4:56:12 PM com.sun.enterprise.admin.launcher.GFLauncherLogger info
INFO: JVM invocation command line:
-XX:+UnlockDiagnosticVMOptions
-XX:PermSize=64m
-XX:MaxPermSize=192m
-XX:NewRatio=2
-Xmx512m
-client
-javaagent:/home/student/git/tjee2/scripts/glassfish3/glassfish/lib/monitor/flashlight-agent.jar
-Dosgi.shell.telnet.maxconn=1
-Dfelix.fileinstall.disableConfigSave=false
-Djdbc.drivers=org.apache.derby.jdbc.ClientDriver
-Dfelix.fileinstall.dir=/home/student/git/tjee2/scripts/glassfish3/glassfish/modules/autostart/
-Djavax.net.ssl.keyStore=/home/student/git/tjee2/scripts/glassfish3/glassfish/domains/domain1/config/keystore.jks
-Dosgi.shell.telnet.port=6666
-Djava.security.policy=/home/student/git/tjee2/scripts/glassfish3/glassfish/domains/domain1/config/server.policy
-Djava.awt.headless=true
-Dfelix.fileinstall.log.level=2
-Dfelix.fileinstall.poll=5000
-Dcom.sun.aas.instanceRoot=/home/student/git/tjee2/scripts/glassfish3/glassfish/domains/domain1
-Dosgi.shell.telnet.ip=127.0.0.1
-Dcom.sun.enterprise.config.config_environment_factory_class=com.sun.enterprise.config.serverbeans.AppserverConfigEnvironmentFactory
-Djava.endorsed.dirs=/home/student/git/tjee2/scripts/glassfish3/glassfish/modules/endorsed:/home/student/git/tjee2/scripts/glassfish3/glassfish/lib/endorsed
-Dcom.sun.aas.installRoot=/home/student/git/tjee2/scripts/glassfish3/glassfish
-Dfelix.fileinstall.bundles.startTransient=true
-Djava.ext.dirs=/opt/devel/jdk1.7.0_40/lib/ext:/opt/devel/jdk1.7.0_40/jre/lib/ext:/home/student/git/tjee2/scripts/glassfish3/glassfish/domains/domain1/lib/ext
-Dfelix.fileinstall.bundles.new.start=true
-Djavax.net.ssl.trustStore=/home/student/git/tjee2/scripts/glassfish3/glassfish/domains/domain1/config/cacerts.jks
-Dcom.sun.enterprise.security.httpsOutboundKeyAlias=s1as
-Djava.security.auth.login.config=/home/student/git/tjee2/scripts/glassfish3/glassfish/domains/domain1/config/login.conf
-DANTLR_USE_DIRECT_CLASS_LOADING=true
-Dgosh.args=--nointeractive
sty 21, 2016 4:56:12 PM com.sun.enterprise.admin.launcher.GFLauncherLogger info
INFO: Successfully launched in 13 msec.
[#|2016-01-21T16:56:21.083+0100|INFO|glassfish3.1.2|com.sun.enterprise.server.logging.GFFileHandler|_ThreadID=1;_ThreadName=Thread-2;|Running GlassFish Version: GlassFish Server Open Source Edition 3.1.2.2 (build 5)|#]

[#|2016-01-21T16:56:21.474+0100|INFO|glassfish3.1.2|org.glassfish.ha.store.spi.BackingStoreFactoryRegistry|_ThreadID=1;_ThreadName=Thread-2;|Registered org.glassfish.ha.store.adapter.cache.ShoalBackingStoreProxy for persistence-type = replicated in BackingStoreFactoryRegistry|#]

[#|2016-01-21T16:56:22.231+0100|INFO|glassfish3.1.2|javax.enterprise.system.core.com.sun.enterprise.v3.services.impl|_ThreadID=26;_ThreadName=Thread-2;|Grizzly Framework 1.9.50 started in: 62ms - bound to [0.0.0.0:4848]|#]

[#|2016-01-21T16:56:22.233+0100|INFO|glassfish3.1.2|javax.enterprise.system.core.com.sun.enterprise.v3.services.impl|_ThreadID=23;_ThreadName=Thread-2;|Grizzly Framework 1.9.50 started in: 192ms - bound to [0.0.0.0:8080]|#]

[#|2016-01-21T16:56:22.233+0100|INFO|glassfish3.1.2|javax.enterprise.system.core.com.sun.enterprise.v3.services.impl|_ThreadID=22;_ThreadName=Thread-2;|Grizzly Framework 1.9.50 started in: 107ms - bound to [0.0.0.0:8181]|#]

[#|2016-01-21T16:56:22.256+0100|INFO|glassfish3.1.2|javax.enterprise.system.core.com.sun.enterprise.v3.services.impl|_ThreadID=29;_ThreadName=Thread-2;|Grizzly Framework 1.9.50 started in: 17ms - bound to [0.0.0.0:3700]|#]

[#|2016-01-21T16:56:22.278+0100|INFO|glassfish3.1.2|javax.enterprise.system.core.com.sun.enterprise.v3.services.impl|_ThreadID=32;_ThreadName=Thread-2;|Grizzly Framework 1.9.50 started in: 21ms - bound to [0.0.0.0:7676]|#]

[#|2016-01-21T16:56:22.713+0100|INFO|glassfish3.1.2|javax.enterprise.system.core.com.sun.enterprise.v3.server|_ThreadID=1;_ThreadName=Thread-2;|GlassFish Server Open Source Edition 3.1.2.2 (5) startup time : Felix (7 969ms), startup services(2 439ms), total(10 408ms)|#]

[#|2016-01-21T16:56:24.224+0100|INFO|glassfish3.1.2|javax.enterprise.system.jmx.org.glassfish.admin.mbeanserver|_ThreadID=42;_ThreadName=Thread-2;|JMX005: JMXStartupService had Started JMXConnector on JMXService URL service:jmx:rmi://virtualbox:8686/jndi/rmi://virtualbox:8686/jmxrmi|#]

[#|2016-01-21T16:56:37.279+0100|INFO|glassfish3.1.2|org.hibernate.validator.internal.util.Version|_ThreadID=59;_ThreadName=Thread-2;|HV000001: Hibernate Validator 4.3.0.Final|#]

[#|2016-01-21T16:56:38.268+0100|INFO|glassfish3.1.2|javax.enterprise.system.core.com.sun.enterprise.v3.services.impl|_ThreadID=74;_ThreadName=Thread-2;|Grizzly Framework 1.9.50 started in: 5ms - bound to [0.0.0.0:8080]|#]

[#|2016-01-21T16:56:39.268+0100|INFO|glassfish3.1.2|javax.enterprise.system.core.com.sun.enterprise.v3.services.impl|_ThreadID=78;_ThreadName=Thread-2;|Grizzly Framework 1.9.50 started in: 5ms - bound to [0.0.0.0:8181]|#]

[#|2016-01-21T16:56:39.412+0100|INFO|glassfish3.1.2|javax.enterprise.system.core.com.sun.enterprise.v3.admin.adapter|_ThreadID=80;_ThreadName=Thread-2;|The Admin Console is installing...|#]

[#|2016-01-21T16:56:40.065+0100|INFO|glassfish3.1.2|javax.enterprise.system.core.com.sun.enterprise.v3.admin.adapter|_ThreadID=80;_ThreadName=Thread-2;|The Admin Console is already installed, but not yet loaded.|#]

[#|2016-01-21T16:56:40.066+0100|INFO|glassfish3.1.2|javax.enterprise.system.core.com.sun.enterprise.v3.admin.adapter|_ThreadID=80;_ThreadName=Thread-2;|The Admin Console is starting. Please wait.|#]

[#|2016-01-21T16:56:40.686+0100|SEVERE|glassfish3.1.2|javax.enterprise.system.ssl.security.com.sun.enterprise.security.ssl.impl|_ThreadID=59;_ThreadName=Thread-2;|SEC5054: Certificate has expired: [
[
  Version: V3
  Subject: CN=GTE CyberTrust Root 5, OU="GTE CyberTrust Solutions, Inc.", O=GTE Corporation, C=US
  Signature Algorithm: SHA1withRSA, OID = 1.2.840.113549.1.1.5

  Key:  Sun RSA public key, 2048 bits
  modulus: 23741889829347261660812437366387754385443431973861114865490414153884050331745811968523116847625570146592736935209718565296053386842135985534863157983128812774162998053673746470782252407673402238146869994438729551246768368782318393878374421033907597162218758024581735139682087126982809511479059100617027892880227587855877479432885604404402435662802390484099065871430585284534529627347717530352189612077130606642676951640071336717026459037542552927905851171460589361570392199748753414855675665635003335769915908187224347232807336022456537328962095005323382940080676931822787496212635993279098588863972868266229522169377
  public exponent: 65537
  Validity: [From: Fri Aug 14 16:50:00 CEST 1998,
               To: Thu Aug 15 01:59:00 CEST 2013]
  Issuer: CN=GTE CyberTrust Root 5, OU="GTE CyberTrust Solutions, Inc.", O=GTE Corporation, C=US
  SerialNumber: [    01b6]

Certificate Extensions: 4
[1]: ObjectId: 2.5.29.19 Criticality=true
BasicConstraints:[
  CA:true
  PathLen:5
]

[2]: ObjectId: 2.5.29.32 Criticality=false
CertificatePolicies [
  [CertificatePolicyId: [1.2.840.113763.1.2.1.3]
[]  ]
]

[3]: ObjectId: 2.5.29.15 Criticality=true
KeyUsage [
  Key_CertSign
  Crl_Sign
]

[4]: ObjectId: 2.5.29.14 Criticality=false
SubjectKeyIdentifier [
KeyIdentifier [
0000: 76 0A 49 21 38 4C 9F DE   F8 C4 49 C7 71 71 91 9D  v.I!8L....I.qq..
]
]

]
  Algorithm: [SHA1withRSA]
  Signature:
0000: 41 3A D4 18 5B DA B8 DE   21 1C E1 8E 09 E5 F1 68  A:..[...!......h
0010: 34 FF DE 96 F4 07 F5 A7   3C F3 AC 4A B1 9B FA 92  4.......<..J....
0020: FA 9B ED E6 32 21 AA 4A   76 C5 DC 4F 38 E5 DF D5  ....2!.Jv..O8...
0030: 86 E4 D5 C8 76 7D 98 D7   B1 CD 8F 4D B5 91 23 6C  ....v......M..#l
0040: 8B 8A EB EA 7C EF 14 94   C4 C6 F0 1F 4A 2D 32 71  ............J-2q
0050: 63 2B 63 91 26 02 09 B6   80 1D ED E2 CC B8 7F DB  c+c.&...........
0060: 87 63 C8 E1 D0 6C 26 B1   35 1D 40 66 10 1B CD 95  .c...l&.5.@f....
0070: 54 18 33 61 EC 13 4F DA   13 F7 99 AF 3E D0 CF 8E  T.3a..O.....>...
0080: A6 72 A2 B3 C3 05 9A C9   27 7D 92 CC 7E 52 8D B3  .r......'....R..
0090: AB 70 6D 9E 89 9F 4D EB   1A 75 C2 98 AA D5 02 16  .pm...M..u......
00A0: D7 0C 8A BF 25 E4 EB 2D   BC 98 E9 58 38 19 7C B9  ....%..-...X8...
00B0: 37 FE DB E2 99 08 73 06   C7 97 83 6A 7D 10 01 2F  7.....s....j.../
00C0: 32 B9 17 05 4A 65 E6 2F   CE BE 5E 53 A6 82 E9 9A  2...Je./..^S....
00D0: 53 0A 84 74 2D 83 CA C8   94 16 76 5F 94 61 28 F0  S..t-.....v_.a(.
00E0: 85 A7 39 BB D7 8B D9 A8   B2 13 1D 54 09 34 24 7D  ..9........T.4$.
00F0: 20 81 7D 66 7E A2 90 74   5C 10 C6 BD EC AB 1B C2   ..f...t\.......

]|#]

[#|2016-01-21T16:56:41.389+0100|INFO|glassfish3.1.2|javax.enterprise.system.container.ejb.com.sun.ejb.containers|_ThreadID=59;_ThreadName=Thread-2;|Created EjbThreadPoolExecutor with thread-core-pool-size 16 thread-max-pool-size 32 thread-keep-alive-seconds 60 thread-queue-capacity 2147483647 allow-core-thread-timeout false |#]

[#|2016-01-21T16:56:41.713+0100|INFO|glassfish3.1.2|javax.enterprise.system.container.web.com.sun.enterprise.web|_ThreadID=80;_ThreadName=Thread-2;|WEB0169: Created HTTP listener [http-listener-1] on host/port [0.0.0.0:8080]|#]

[#|2016-01-21T16:56:41.728+0100|INFO|glassfish3.1.2|javax.enterprise.system.container.web.com.sun.enterprise.web|_ThreadID=80;_ThreadName=Thread-2;|WEB0169: Created HTTP listener [http-listener-2] on host/port [0.0.0.0:8181]|#]

[#|2016-01-21T16:56:41.737+0100|INFO|glassfish3.1.2|javax.enterprise.system.container.web.com.sun.enterprise.web|_ThreadID=80;_ThreadName=Thread-2;|WEB0169: Created HTTP listener [admin-listener] on host/port [0.0.0.0:4848]|#]

[#|2016-01-21T16:56:41.854+0100|INFO|glassfish3.1.2|javax.enterprise.system.container.web.com.sun.enterprise.web|_ThreadID=80;_ThreadName=Thread-2;|WEB0171: Created virtual server [server]|#]

[#|2016-01-21T16:56:41.860+0100|INFO|glassfish3.1.2|javax.enterprise.system.container.web.com.sun.enterprise.web|_ThreadID=80;_ThreadName=Thread-2;|WEB0171: Created virtual server [__asadmin]|#]

[#|2016-01-21T16:56:42.815+0100|INFO|glassfish3.1.2|javax.enterprise.system.container.web.com.sun.enterprise.web|_ThreadID=80;_ThreadName=Thread-2;|WEB0172: Virtual server [server] loaded default web module []|#]

[#|2016-01-21T16:56:43.525+0100|INFO|glassfish3.1.2|javax.enterprise.system.core.security.com.sun.enterprise.security|_ThreadID=80;_ThreadName=Thread-2;|SEC1002: Security Manager is OFF.|#]

[#|2016-01-21T16:56:43.532+0100|INFO|glassfish3.1.2|javax.enterprise.system.core.security.com.sun.enterprise.security|_ThreadID=80;_ThreadName=Thread-2;|SEC1010: Entering Security Startup Service|#]

[#|2016-01-21T16:56:43.541+0100|INFO|glassfish3.1.2|javax.enterprise.system.core.security.com.sun.enterprise.security|_ThreadID=80;_ThreadName=Thread-2;|SEC1143: Loading policy provider com.sun.enterprise.security.provider.PolicyWrapper.|#]

[#|2016-01-21T16:56:43.641+0100|INFO|glassfish3.1.2|javax.enterprise.system.core.security.com.sun.enterprise.security.auth.realm|_ThreadID=80;_ThreadName=Thread-2;|SEC1115: Realm [admin-realm] of classtype [com.sun.enterprise.security.auth.realm.file.FileRealm] successfully created.|#]

[#|2016-01-21T16:56:43.648+0100|INFO|glassfish3.1.2|javax.enterprise.system.core.security.com.sun.enterprise.security.auth.realm|_ThreadID=80;_ThreadName=Thread-2;|SEC1115: Realm [file] of classtype [com.sun.enterprise.security.auth.realm.file.FileRealm] successfully created.|#]

[#|2016-01-21T16:56:43.681+0100|INFO|glassfish3.1.2|javax.enterprise.system.core.security.com.sun.enterprise.security.auth.realm|_ThreadID=80;_ThreadName=Thread-2;|SEC1115: Realm [certificate] of classtype [com.sun.enterprise.security.auth.realm.certificate.CertificateRealm] successfully created.|#]

[#|2016-01-21T16:56:43.712+0100|INFO|glassfish3.1.2|javax.enterprise.system.core.security.com.sun.enterprise.security|_ThreadID=80;_ThreadName=Thread-2;|SEC1011: Security Service(s) Started Successfully|#]

[#|2016-01-21T16:56:43.949+0100|INFO|glassfish3.1.2|com.sun.jersey.server.impl.application.WebApplicationImpl|_ThreadID=59;_ThreadName=Thread-2;|Initiating Jersey application, version 'Jersey: 1.11.1 03/31/2012 06:49 PM'|#]

[#|2016-01-21T16:56:46.289+0100|INFO|glassfish3.1.2|javax.enterprise.system.tools.admin.org.glassfish.admin.rest.adapter|_ThreadID=59;_ThreadName=Thread-2;|REST00001: Listening to REST requests at context: /management/domain|#]

[#|2016-01-21T16:56:46.394+0100|INFO|glassfish3.1.2|javax.enterprise.resource.webcontainer.jsf.config|_ThreadID=80;_ThreadName=Thread-2;|Initializing Mojarra 2.1.6 (SNAPSHOT 20111206) for context ''|#]

[#|2016-01-21T16:56:48.706+0100|INFO|glassfish3.1.2|javax.enterprise.system.container.web.com.sun.enterprise.web|_ThreadID=80;_ThreadName=Thread-2;|WEB0671: Loading application [__admingui] at [/]|#]

[#|2016-01-21T16:56:48.707+0100|INFO|glassfish3.1.2|javax.enterprise.system.core.com.sun.enterprise.v3.server|_ThreadID=80;_ThreadName=Thread-2;|CORE10010: Loading application __admingui done in 8 640 ms|#]

[#|2016-01-21T16:56:48.707+0100|INFO|glassfish3.1.2|javax.enterprise.system.core.com.sun.enterprise.v3.admin.adapter|_ThreadID=80;_ThreadName=Thread-2;|The Admin Console application is loaded.|#]

[#|2016-01-21T16:56:49.198+0100|SEVERE|glassfish3.1.2|javax.enterprise.system.ssl.security.com.sun.enterprise.security.ssl.impl|_ThreadID=83;_ThreadName=Thread-2;|SEC5054: Certificate has expired: [
[
  Version: V3
  Subject: CN=GTE CyberTrust Root 5, OU="GTE CyberTrust Solutions, Inc.", O=GTE Corporation, C=US
  Signature Algorithm: SHA1withRSA, OID = 1.2.840.113549.1.1.5

  Key:  Sun RSA public key, 2048 bits
  modulus: 23741889829347261660812437366387754385443431973861114865490414153884050331745811968523116847625570146592736935209718565296053386842135985534863157983128812774162998053673746470782252407673402238146869994438729551246768368782318393878374421033907597162218758024581735139682087126982809511479059100617027892880227587855877479432885604404402435662802390484099065871430585284534529627347717530352189612077130606642676951640071336717026459037542552927905851171460589361570392199748753414855675665635003335769915908187224347232807336022456537328962095005323382940080676931822787496212635993279098588863972868266229522169377
  public exponent: 65537
  Validity: [From: Fri Aug 14 16:50:00 CEST 1998,
               To: Thu Aug 15 01:59:00 CEST 2013]
  Issuer: CN=GTE CyberTrust Root 5, OU="GTE CyberTrust Solutions, Inc.", O=GTE Corporation, C=US
  SerialNumber: [    01b6]

Certificate Extensions: 4
[1]: ObjectId: 2.5.29.19 Criticality=true
BasicConstraints:[
  CA:true
  PathLen:5
]

[2]: ObjectId: 2.5.29.32 Criticality=false
CertificatePolicies [
  [CertificatePolicyId: [1.2.840.113763.1.2.1.3]
[]  ]
]

[3]: ObjectId: 2.5.29.15 Criticality=true
KeyUsage [
  Key_CertSign
  Crl_Sign
]

[4]: ObjectId: 2.5.29.14 Criticality=false
SubjectKeyIdentifier [
KeyIdentifier [
0000: 76 0A 49 21 38 4C 9F DE   F8 C4 49 C7 71 71 91 9D  v.I!8L....I.qq..
]
]

]
  Algorithm: [SHA1withRSA]
  Signature:
0000: 41 3A D4 18 5B DA B8 DE   21 1C E1 8E 09 E5 F1 68  A:..[...!......h
0010: 34 FF DE 96 F4 07 F5 A7   3C F3 AC 4A B1 9B FA 92  4.......<..J....
0020: FA 9B ED E6 32 21 AA 4A   76 C5 DC 4F 38 E5 DF D5  ....2!.Jv..O8...
0030: 86 E4 D5 C8 76 7D 98 D7   B1 CD 8F 4D B5 91 23 6C  ....v......M..#l
0040: 8B 8A EB EA 7C EF 14 94   C4 C6 F0 1F 4A 2D 32 71  ............J-2q
0050: 63 2B 63 91 26 02 09 B6   80 1D ED E2 CC B8 7F DB  c+c.&...........
0060: 87 63 C8 E1 D0 6C 26 B1   35 1D 40 66 10 1B CD 95  .c...l&.5.@f....
0070: 54 18 33 61 EC 13 4F DA   13 F7 99 AF 3E D0 CF 8E  T.3a..O.....>...
0080: A6 72 A2 B3 C3 05 9A C9   27 7D 92 CC 7E 52 8D B3  .r......'....R..
0090: AB 70 6D 9E 89 9F 4D EB   1A 75 C2 98 AA D5 02 16  .pm...M..u......
00A0: D7 0C 8A BF 25 E4 EB 2D   BC 98 E9 58 38 19 7C B9  ....%..-...X8...
00B0: 37 FE DB E2 99 08 73 06   C7 97 83 6A 7D 10 01 2F  7.....s....j.../
00C0: 32 B9 17 05 4A 65 E6 2F   CE BE 5E 53 A6 82 E9 9A  2...Je./..^S....
00D0: 53 0A 84 74 2D 83 CA C8   94 16 76 5F 94 61 28 F0  S..t-.....v_.a(.
00E0: 85 A7 39 BB D7 8B D9 A8   B2 13 1D 54 09 34 24 7D  ..9........T.4$.
00F0: 20 81 7D 66 7E A2 90 74   5C 10 C6 BD EC AB 1B C2   ..f...t\.......

]|#]

[#|2016-01-21T16:56:51.672+0100|SEVERE|glassfish3.1.2|javax.enterprise.system.ssl.security.com.sun.enterprise.security.ssl.impl|_ThreadID=81;_ThreadName=Thread-2;|SEC5054: Certificate has expired: [
[
  Version: V3
  Subject: CN=GTE CyberTrust Root 5, OU="GTE CyberTrust Solutions, Inc.", O=GTE Corporation, C=US
  Signature Algorithm: SHA1withRSA, OID = 1.2.840.113549.1.1.5

  Key:  Sun RSA public key, 2048 bits
  modulus: 23741889829347261660812437366387754385443431973861114865490414153884050331745811968523116847625570146592736935209718565296053386842135985534863157983128812774162998053673746470782252407673402238146869994438729551246768368782318393878374421033907597162218758024581735139682087126982809511479059100617027892880227587855877479432885604404402435662802390484099065871430585284534529627347717530352189612077130606642676951640071336717026459037542552927905851171460589361570392199748753414855675665635003335769915908187224347232807336022456537328962095005323382940080676931822787496212635993279098588863972868266229522169377
  public exponent: 65537
  Validity: [From: Fri Aug 14 16:50:00 CEST 1998,
               To: Thu Aug 15 01:59:00 CEST 2013]
  Issuer: CN=GTE CyberTrust Root 5, OU="GTE CyberTrust Solutions, Inc.", O=GTE Corporation, C=US
  SerialNumber: [    01b6]

Certificate Extensions: 4
[1]: ObjectId: 2.5.29.19 Criticality=true
BasicConstraints:[
  CA:true
  PathLen:5
]

[2]: ObjectId: 2.5.29.32 Criticality=false
CertificatePolicies [
  [CertificatePolicyId: [1.2.840.113763.1.2.1.3]
[]  ]
]

[3]: ObjectId: 2.5.29.15 Criticality=true
KeyUsage [
  Key_CertSign
  Crl_Sign
]

[4]: ObjectId: 2.5.29.14 Criticality=false
SubjectKeyIdentifier [
KeyIdentifier [
0000: 76 0A 49 21 38 4C 9F DE   F8 C4 49 C7 71 71 91 9D  v.I!8L....I.qq..
]
]

]
  Algorithm: [SHA1withRSA]
  Signature:
0000: 41 3A D4 18 5B DA B8 DE   21 1C E1 8E 09 E5 F1 68  A:..[...!......h
0010: 34 FF DE 96 F4 07 F5 A7   3C F3 AC 4A B1 9B FA 92  4.......<..J....
0020: FA 9B ED E6 32 21 AA 4A   76 C5 DC 4F 38 E5 DF D5  ....2!.Jv..O8...
0030: 86 E4 D5 C8 76 7D 98 D7   B1 CD 8F 4D B5 91 23 6C  ....v......M..#l
0040: 8B 8A EB EA 7C EF 14 94   C4 C6 F0 1F 4A 2D 32 71  ............J-2q
0050: 63 2B 63 91 26 02 09 B6   80 1D ED E2 CC B8 7F DB  c+c.&...........
0060: 87 63 C8 E1 D0 6C 26 B1   35 1D 40 66 10 1B CD 95  .c...l&.5.@f....
0070: 54 18 33 61 EC 13 4F DA   13 F7 99 AF 3E D0 CF 8E  T.3a..O.....>...
0080: A6 72 A2 B3 C3 05 9A C9   27 7D 92 CC 7E 52 8D B3  .r......'....R..
0090: AB 70 6D 9E 89 9F 4D EB   1A 75 C2 98 AA D5 02 16  .pm...M..u......
00A0: D7 0C 8A BF 25 E4 EB 2D   BC 98 E9 58 38 19 7C B9  ....%..-...X8...
00B0: 37 FE DB E2 99 08 73 06   C7 97 83 6A 7D 10 01 2F  7.....s....j.../
00C0: 32 B9 17 05 4A 65 E6 2F   CE BE 5E 53 A6 82 E9 9A  2...Je./..^S....
00D0: 53 0A 84 74 2D 83 CA C8   94 16 76 5F 94 61 28 F0  S..t-.....v_.a(.
00E0: 85 A7 39 BB D7 8B D9 A8   B2 13 1D 54 09 34 24 7D  ..9........T.4$.
00F0: 20 81 7D 66 7E A2 90 74   5C 10 C6 BD EC AB 1B C2   ..f...t\.......

]|#]

[#|2016-01-21T16:56:51.685+0100|WARNING|glassfish3.1.2|org.apache.catalina.connector.Request|_ThreadID=81;_ThreadName=Thread-2;|PWC4011: Unable to set request character encoding to UTF-8 from context , because request parameters have already been read, or ServletRequest.getReader() has already been called|#]

[#|2016-01-21T16:56:52.859+0100|SEVERE|glassfish3.1.2|javax.enterprise.system.ssl.security.com.sun.enterprise.security.ssl.impl|_ThreadID=94;_ThreadName=Thread-2;|SEC5054: Certificate has expired: [
[
  Version: V3
  Subject: CN=GTE CyberTrust Root 5, OU="GTE CyberTrust Solutions, Inc.", O=GTE Corporation, C=US
  Signature Algorithm: SHA1withRSA, OID = 1.2.840.113549.1.1.5

  Key:  Sun RSA public key, 2048 bits
  modulus: 23741889829347261660812437366387754385443431973861114865490414153884050331745811968523116847625570146592736935209718565296053386842135985534863157983128812774162998053673746470782252407673402238146869994438729551246768368782318393878374421033907597162218758024581735139682087126982809511479059100617027892880227587855877479432885604404402435662802390484099065871430585284534529627347717530352189612077130606642676951640071336717026459037542552927905851171460589361570392199748753414855675665635003335769915908187224347232807336022456537328962095005323382940080676931822787496212635993279098588863972868266229522169377
  public exponent: 65537
  Validity: [From: Fri Aug 14 16:50:00 CEST 1998,
               To: Thu Aug 15 01:59:00 CEST 2013]
  Issuer: CN=GTE CyberTrust Root 5, OU="GTE CyberTrust Solutions, Inc.", O=GTE Corporation, C=US
  SerialNumber: [    01b6]

Certificate Extensions: 4
[1]: ObjectId: 2.5.29.19 Criticality=true
BasicConstraints:[
  CA:true
  PathLen:5
]

[2]: ObjectId: 2.5.29.32 Criticality=false
CertificatePolicies [
  [CertificatePolicyId: [1.2.840.113763.1.2.1.3]
[]  ]
]

[3]: ObjectId: 2.5.29.15 Criticality=true
KeyUsage [
  Key_CertSign
  Crl_Sign
]

[4]: ObjectId: 2.5.29.14 Criticality=false
SubjectKeyIdentifier [
KeyIdentifier [
0000: 76 0A 49 21 38 4C 9F DE   F8 C4 49 C7 71 71 91 9D  v.I!8L....I.qq..
]
]

]
  Algorithm: [SHA1withRSA]
  Signature:
0000: 41 3A D4 18 5B DA B8 DE   21 1C E1 8E 09 E5 F1 68  A:..[...!......h
0010: 34 FF DE 96 F4 07 F5 A7   3C F3 AC 4A B1 9B FA 92  4.......<..J....
0020: FA 9B ED E6 32 21 AA 4A   76 C5 DC 4F 38 E5 DF D5  ....2!.Jv..O8...
0030: 86 E4 D5 C8 76 7D 98 D7   B1 CD 8F 4D B5 91 23 6C  ....v......M..#l
0040: 8B 8A EB EA 7C EF 14 94   C4 C6 F0 1F 4A 2D 32 71  ............J-2q
0050: 63 2B 63 91 26 02 09 B6   80 1D ED E2 CC B8 7F DB  c+c.&...........
0060: 87 63 C8 E1 D0 6C 26 B1   35 1D 40 66 10 1B CD 95  .c...l&.5.@f....
0070: 54 18 33 61 EC 13 4F DA   13 F7 99 AF 3E D0 CF 8E  T.3a..O.....>...
0080: A6 72 A2 B3 C3 05 9A C9   27 7D 92 CC 7E 52 8D B3  .r......'....R..
0090: AB 70 6D 9E 89 9F 4D EB   1A 75 C2 98 AA D5 02 16  .pm...M..u......
00A0: D7 0C 8A BF 25 E4 EB 2D   BC 98 E9 58 38 19 7C B9  ....%..-...X8...
00B0: 37 FE DB E2 99 08 73 06   C7 97 83 6A 7D 10 01 2F  7.....s....j.../
00C0: 32 B9 17 05 4A 65 E6 2F   CE BE 5E 53 A6 82 E9 9A  2...Je./..^S....
00D0: 53 0A 84 74 2D 83 CA C8   94 16 76 5F 94 61 28 F0  S..t-.....v_.a(.
00E0: 85 A7 39 BB D7 8B D9 A8   B2 13 1D 54 09 34 24 7D  ..9........T.4$.
00F0: 20 81 7D 66 7E A2 90 74   5C 10 C6 BD EC AB 1B C2   ..f...t\.......

]|#]

[#|2016-01-21T16:56:52.884+0100|INFO|glassfish3.1.2|org.glassfish.admingui|_ThreadID=94;_ThreadName=Thread-2;|Redirecting to /|#]

[#|2016-01-21T16:56:53.199+0100|INFO|glassfish3.1.2|org.glassfish.admingui|_ThreadID=95;_ThreadName=Thread-2;|Admin Console: Initializing Session Attributes...|#]

[#|2016-01-21T16:58:25.137+0100|INFO|glassfish3.1.2|null|_ThreadID=41;_ThreadName=Thread-2;|Domain Pinged: stable.glassfish.org|#]

[#|2016-01-21T16:59:59.719+0100|INFO|glassfish3.1.2|javax.enterprise.system.tools.admin.com.sun.enterprise.v3.admin|_ThreadID=122;_ThreadName=Thread-2;|Server restart initiated|#]

[#|2016-01-21T16:59:59.730+0100|WARNING|glassfish3.1.2|javax.enterprise.system.tools.admin.com.sun.enterprise.v3.admin|_ThreadID=122;_ThreadName=Thread-2;|There should be only 1 primordial module but 0 primordial modules were found.|#]

sty 21, 2016 5:00:00 PM com.sun.enterprise.admin.launcher.GFLauncherLogger info
INFO: JVM invocation command line:
-XX:+UnlockDiagnosticVMOptions
-XX:PermSize=64m
-XX:MaxPermSize=192m
-XX:NewRatio=2
-Xmx512m
-client
-javaagent:/home/student/git/tjee2/scripts/glassfish3/glassfish/lib/monitor/flashlight-agent.jar
-Dosgi.shell.telnet.maxconn=1
-Dfelix.fileinstall.disableConfigSave=false
-Djdbc.drivers=org.apache.derby.jdbc.ClientDriver
-Dfelix.fileinstall.dir=/home/student/git/tjee2/scripts/glassfish3/glassfish/modules/autostart/
-Djavax.net.ssl.keyStore=/home/student/git/tjee2/scripts/glassfish3/glassfish/domains/domain1/config/keystore.jks
-Dosgi.shell.telnet.port=6666
-Djava.security.policy=/home/student/git/tjee2/scripts/glassfish3/glassfish/domains/domain1/config/server.policy
-Djava.awt.headless=true
-Dfelix.fileinstall.log.level=2
-Dfelix.fileinstall.poll=5000
-Dcom.sun.aas.instanceRoot=/home/student/git/tjee2/scripts/glassfish3/glassfish/domains/domain1
-Dosgi.shell.telnet.ip=127.0.0.1
-Dcom.sun.enterprise.config.config_environment_factory_class=com.sun.enterprise.config.serverbeans.AppserverConfigEnvironmentFactory
-Djava.endorsed.dirs=/home/student/git/tjee2/scripts/glassfish3/glassfish/modules/endorsed:/home/student/git/tjee2/scripts/glassfish3/glassfish/lib/endorsed
-Dcom.sun.aas.installRoot=/home/student/git/tjee2/scripts/glassfish3/glassfish
-Dfelix.fileinstall.bundles.startTransient=true
-Djava.ext.dirs=/opt/devel/jdk1.7.0_40/lib/ext:/opt/devel/jdk1.7.0_40/jre/lib/ext:/home/student/git/tjee2/scripts/glassfish3/glassfish/domains/domain1/lib/ext
-Dfelix.fileinstall.bundles.new.start=true
-Djavax.net.ssl.trustStore=/home/student/git/tjee2/scripts/glassfish3/glassfish/domains/domain1/config/cacerts.jks
-Dcom.sun.enterprise.security.httpsOutboundKeyAlias=s1as
-Djava.security.auth.login.config=/home/student/git/tjee2/scripts/glassfish3/glassfish/domains/domain1/config/login.conf
-DANTLR_USE_DIRECT_CLASS_LOADING=true
-Dgosh.args=--nointeractive
sty 21, 2016 5:00:01 PM com.sun.enterprise.admin.launcher.GFLauncherLogger info
INFO: Successfully launched in 8 msec.
[#|2016-01-21T17:00:03.311+0100|INFO|glassfish3.1.2|com.sun.enterprise.server.logging.GFFileHandler|_ThreadID=1;_ThreadName=Thread-2;|Running GlassFish Version: GlassFish Server Open Source Edition 3.1.2.2 (build 5)|#]

[#|2016-01-21T17:00:03.427+0100|INFO|glassfish3.1.2|org.glassfish.ha.store.spi.BackingStoreFactoryRegistry|_ThreadID=1;_ThreadName=Thread-2;|Registered org.glassfish.ha.store.adapter.cache.ShoalBackingStoreProxy for persistence-type = replicated in BackingStoreFactoryRegistry|#]

[#|2016-01-21T17:00:03.747+0100|INFO|glassfish3.1.2|javax.enterprise.system.core.com.sun.enterprise.v3.services.impl|_ThreadID=25;_ThreadName=Thread-2;|Grizzly Framework 1.9.50 started in: 35ms - bound to [0.0.0.0:4848]|#]

[#|2016-01-21T17:00:03.748+0100|INFO|glassfish3.1.2|javax.enterprise.system.core.com.sun.enterprise.v3.services.impl|_ThreadID=22;_ThreadName=Thread-2;|Grizzly Framework 1.9.50 started in: 63ms - bound to [0.0.0.0:8181]|#]

[#|2016-01-21T17:00:03.752+0100|INFO|glassfish3.1.2|javax.enterprise.system.core.com.sun.enterprise.v3.services.impl|_ThreadID=23;_ThreadName=Thread-2;|Grizzly Framework 1.9.50 started in: 112ms - bound to [0.0.0.0:8080]|#]

[#|2016-01-21T17:00:03.758+0100|INFO|glassfish3.1.2|javax.enterprise.system.core.com.sun.enterprise.v3.services.impl|_ThreadID=28;_ThreadName=Thread-2;|Grizzly Framework 1.9.50 started in: 21ms - bound to [0.0.0.0:3700]|#]

[#|2016-01-21T17:00:03.769+0100|INFO|glassfish3.1.2|javax.enterprise.system.core.com.sun.enterprise.v3.services.impl|_ThreadID=31;_ThreadName=Thread-2;|Grizzly Framework 1.9.50 started in: 12ms - bound to [0.0.0.0:7676]|#]

[#|2016-01-21T17:00:03.894+0100|INFO|glassfish3.1.2|javax.enterprise.system.core.com.sun.enterprise.v3.admin.adapter|_ThreadID=1;_ThreadName=Thread-2;|The Admin Console is already installed, but not yet loaded.|#]

[#|2016-01-21T17:00:03.973+0100|INFO|glassfish3.1.2|javax.enterprise.system.core.com.sun.enterprise.v3.server|_ThreadID=1;_ThreadName=Thread-2;|GlassFish Server Open Source Edition 3.1.2.2 (5) startup time : Felix (1 480ms), startup services(932ms), total(2 412ms)|#]

[#|2016-01-21T17:00:05.830+0100|SEVERE|glassfish3.1.2|javax.enterprise.system.ssl.security.com.sun.enterprise.security.ssl.impl|_ThreadID=42;_ThreadName=Thread-2;|SEC5054: Certificate has expired: [
[
  Version: V3
  Subject: CN=GTE CyberTrust Root 5, OU="GTE CyberTrust Solutions, Inc.", O=GTE Corporation, C=US
  Signature Algorithm: SHA1withRSA, OID = 1.2.840.113549.1.1.5

  Key:  Sun RSA public key, 2048 bits
  modulus: 23741889829347261660812437366387754385443431973861114865490414153884050331745811968523116847625570146592736935209718565296053386842135985534863157983128812774162998053673746470782252407673402238146869994438729551246768368782318393878374421033907597162218758024581735139682087126982809511479059100617027892880227587855877479432885604404402435662802390484099065871430585284534529627347717530352189612077130606642676951640071336717026459037542552927905851171460589361570392199748753414855675665635003335769915908187224347232807336022456537328962095005323382940080676931822787496212635993279098588863972868266229522169377
  public exponent: 65537
  Validity: [From: Fri Aug 14 16:50:00 CEST 1998,
               To: Thu Aug 15 01:59:00 CEST 2013]
  Issuer: CN=GTE CyberTrust Root 5, OU="GTE CyberTrust Solutions, Inc.", O=GTE Corporation, C=US
  SerialNumber: [    01b6]

Certificate Extensions: 4
[1]: ObjectId: 2.5.29.19 Criticality=true
BasicConstraints:[
  CA:true
  PathLen:5
]

[2]: ObjectId: 2.5.29.32 Criticality=false
CertificatePolicies [
  [CertificatePolicyId: [1.2.840.113763.1.2.1.3]
[]  ]
]

[3]: ObjectId: 2.5.29.15 Criticality=true
KeyUsage [
  Key_CertSign
  Crl_Sign
]

[4]: ObjectId: 2.5.29.14 Criticality=false
SubjectKeyIdentifier [
KeyIdentifier [
0000: 76 0A 49 21 38 4C 9F DE   F8 C4 49 C7 71 71 91 9D  v.I!8L....I.qq..
]
]

]
  Algorithm: [SHA1withRSA]
  Signature:
0000: 41 3A D4 18 5B DA B8 DE   21 1C E1 8E 09 E5 F1 68  A:..[...!......h
0010: 34 FF DE 96 F4 07 F5 A7   3C F3 AC 4A B1 9B FA 92  4.......<..J....
0020: FA 9B ED E6 32 21 AA 4A   76 C5 DC 4F 38 E5 DF D5  ....2!.Jv..O8...
0030: 86 E4 D5 C8 76 7D 98 D7   B1 CD 8F 4D B5 91 23 6C  ....v......M..#l
0040: 8B 8A EB EA 7C EF 14 94   C4 C6 F0 1F 4A 2D 32 71  ............J-2q
0050: 63 2B 63 91 26 02 09 B6   80 1D ED E2 CC B8 7F DB  c+c.&...........
0060: 87 63 C8 E1 D0 6C 26 B1   35 1D 40 66 10 1B CD 95  .c...l&.5.@f....
0070: 54 18 33 61 EC 13 4F DA   13 F7 99 AF 3E D0 CF 8E  T.3a..O.....>...
0080: A6 72 A2 B3 C3 05 9A C9   27 7D 92 CC 7E 52 8D B3  .r......'....R..
0090: AB 70 6D 9E 89 9F 4D EB   1A 75 C2 98 AA D5 02 16  .pm...M..u......
00A0: D7 0C 8A BF 25 E4 EB 2D   BC 98 E9 58 38 19 7C B9  ....%..-...X8...
00B0: 37 FE DB E2 99 08 73 06   C7 97 83 6A 7D 10 01 2F  7.....s....j.../
00C0: 32 B9 17 05 4A 65 E6 2F   CE BE 5E 53 A6 82 E9 9A  2...Je./..^S....
00D0: 53 0A 84 74 2D 83 CA C8   94 16 76 5F 94 61 28 F0  S..t-.....v_.a(.
00E0: 85 A7 39 BB D7 8B D9 A8   B2 13 1D 54 09 34 24 7D  ..9........T.4$.
00F0: 20 81 7D 66 7E A2 90 74   5C 10 C6 BD EC AB 1B C2   ..f...t\.......

]|#]

[#|2016-01-21T17:00:06.806+0100|INFO|glassfish3.1.2|javax.enterprise.system.container.ejb.com.sun.ejb.containers|_ThreadID=42;_ThreadName=Thread-2;|Created EjbThreadPoolExecutor with thread-core-pool-size 16 thread-max-pool-size 32 thread-keep-alive-seconds 60 thread-queue-capacity 2147483647 allow-core-thread-timeout false |#]

[#|2016-01-21T17:00:10.057+0100|INFO|glassfish3.1.2|com.sun.jersey.server.impl.application.WebApplicationImpl|_ThreadID=42;_ThreadName=Thread-2;|Initiating Jersey application, version 'Jersey: 1.11.1 03/31/2012 06:49 PM'|#]

[#|2016-01-21T17:00:11.995+0100|INFO|glassfish3.1.2|javax.enterprise.system.tools.admin.org.glassfish.admin.rest.adapter|_ThreadID=42;_ThreadName=Thread-2;|REST00001: Listening to REST requests at context: /management/domain|#]

[#|2016-01-21T17:00:12.080+0100|INFO|glassfish3.1.2|javax.enterprise.system.core.com.sun.enterprise.v3.admin.adapter|_ThreadID=45;_ThreadName=Thread-2;|The Admin Console is already installed, but not yet loaded.|#]

[#|2016-01-21T17:00:12.080+0100|INFO|glassfish3.1.2|javax.enterprise.system.core.com.sun.enterprise.v3.admin.adapter|_ThreadID=45;_ThreadName=Thread-2;|The Admin Console is starting. Please wait.|#]

[#|2016-01-21T17:00:13.121+0100|INFO|glassfish3.1.2|javax.enterprise.system.jmx.org.glassfish.admin.mbeanserver|_ThreadID=48;_ThreadName=Thread-2;|JMX005: JMXStartupService had Started JMXConnector on JMXService URL service:jmx:rmi://virtualbox:8686/jndi/rmi://virtualbox:8686/jmxrmi|#]

[#|2016-01-21T17:00:13.745+0100|INFO|glassfish3.1.2|javax.enterprise.system.container.web.com.sun.enterprise.web|_ThreadID=45;_ThreadName=Thread-2;|WEB0169: Created HTTP listener [http-listener-1] on host/port [0.0.0.0:8080]|#]

[#|2016-01-21T17:00:13.752+0100|INFO|glassfish3.1.2|javax.enterprise.system.container.web.com.sun.enterprise.web|_ThreadID=45;_ThreadName=Thread-2;|WEB0169: Created HTTP listener [http-listener-2] on host/port [0.0.0.0:8181]|#]

[#|2016-01-21T17:00:13.770+0100|INFO|glassfish3.1.2|javax.enterprise.system.container.web.com.sun.enterprise.web|_ThreadID=45;_ThreadName=Thread-2;|WEB0169: Created HTTP listener [admin-listener] on host/port [0.0.0.0:4848]|#]

[#|2016-01-21T17:00:13.805+0100|INFO|glassfish3.1.2|javax.enterprise.system.container.web.com.sun.enterprise.web|_ThreadID=45;_ThreadName=Thread-2;|WEB0171: Created virtual server [server]|#]

[#|2016-01-21T17:00:13.807+0100|INFO|glassfish3.1.2|javax.enterprise.system.container.web.com.sun.enterprise.web|_ThreadID=45;_ThreadName=Thread-2;|WEB0171: Created virtual server [__asadmin]|#]

[#|2016-01-21T17:00:14.207+0100|INFO|glassfish3.1.2|javax.enterprise.system.container.web.com.sun.enterprise.web|_ThreadID=45;_ThreadName=Thread-2;|WEB0172: Virtual server [server] loaded default web module []|#]

[#|2016-01-21T17:00:14.639+0100|INFO|glassfish3.1.2|javax.enterprise.system.core.security.com.sun.enterprise.security|_ThreadID=45;_ThreadName=Thread-2;|SEC1002: Security Manager is OFF.|#]

[#|2016-01-21T17:00:14.643+0100|INFO|glassfish3.1.2|javax.enterprise.system.core.security.com.sun.enterprise.security|_ThreadID=45;_ThreadName=Thread-2;|SEC1010: Entering Security Startup Service|#]

[#|2016-01-21T17:00:14.651+0100|INFO|glassfish3.1.2|javax.enterprise.system.core.security.com.sun.enterprise.security|_ThreadID=45;_ThreadName=Thread-2;|SEC1143: Loading policy provider com.sun.enterprise.security.provider.PolicyWrapper.|#]

[#|2016-01-21T17:00:14.802+0100|INFO|glassfish3.1.2|javax.enterprise.system.core.security.com.sun.enterprise.security.auth.realm|_ThreadID=45;_ThreadName=Thread-2;|SEC1115: Realm [admin-realm] of classtype [com.sun.enterprise.security.auth.realm.file.FileRealm] successfully created.|#]

[#|2016-01-21T17:00:14.803+0100|INFO|glassfish3.1.2|javax.enterprise.system.core.security.com.sun.enterprise.security.auth.realm|_ThreadID=45;_ThreadName=Thread-2;|SEC1115: Realm [file] of classtype [com.sun.enterprise.security.auth.realm.file.FileRealm] successfully created.|#]

[#|2016-01-21T17:00:14.828+0100|INFO|glassfish3.1.2|javax.enterprise.system.core.security.com.sun.enterprise.security.auth.realm|_ThreadID=45;_ThreadName=Thread-2;|SEC1115: Realm [certificate] of classtype [com.sun.enterprise.security.auth.realm.certificate.CertificateRealm] successfully created.|#]

[#|2016-01-21T17:00:14.879+0100|INFO|glassfish3.1.2|javax.enterprise.system.core.security.com.sun.enterprise.security|_ThreadID=45;_ThreadName=Thread-2;|SEC1011: Security Service(s) Started Successfully|#]

[#|2016-01-21T17:00:20.019+0100|INFO|glassfish3.1.2|javax.enterprise.resource.webcontainer.jsf.config|_ThreadID=45;_ThreadName=Thread-2;|Initializing Mojarra 2.1.6 (SNAPSHOT 20111206) for context ''|#]

[#|2016-01-21T17:00:22.499+0100|INFO|glassfish3.1.2|org.hibernate.validator.internal.util.Version|_ThreadID=45;_ThreadName=Thread-2;|HV000001: Hibernate Validator 4.3.0.Final|#]

[#|2016-01-21T17:00:24.310+0100|INFO|glassfish3.1.2|javax.enterprise.system.container.web.com.sun.enterprise.web|_ThreadID=45;_ThreadName=Thread-2;|WEB0671: Loading application [__admingui] at [/]|#]

[#|2016-01-21T17:00:24.315+0100|INFO|glassfish3.1.2|javax.enterprise.system.core.com.sun.enterprise.v3.server|_ThreadID=45;_ThreadName=Thread-2;|CORE10010: Loading application __admingui done in 12 228 ms|#]

[#|2016-01-21T17:00:24.320+0100|INFO|glassfish3.1.2|javax.enterprise.system.core.com.sun.enterprise.v3.admin.adapter|_ThreadID=45;_ThreadName=Thread-2;|The Admin Console application is loaded.|#]

[#|2016-01-21T17:00:52.316+0100|SEVERE|glassfish3.1.2|javax.enterprise.system.ssl.security.com.sun.enterprise.security.ssl.impl|_ThreadID=32;_ThreadName=Thread-2;|SEC5054: Certificate has expired: [
[
  Version: V3
  Subject: CN=GTE CyberTrust Root 5, OU="GTE CyberTrust Solutions, Inc.", O=GTE Corporation, C=US
  Signature Algorithm: SHA1withRSA, OID = 1.2.840.113549.1.1.5

  Key:  Sun RSA public key, 2048 bits
  modulus: 23741889829347261660812437366387754385443431973861114865490414153884050331745811968523116847625570146592736935209718565296053386842135985534863157983128812774162998053673746470782252407673402238146869994438729551246768368782318393878374421033907597162218758024581735139682087126982809511479059100617027892880227587855877479432885604404402435662802390484099065871430585284534529627347717530352189612077130606642676951640071336717026459037542552927905851171460589361570392199748753414855675665635003335769915908187224347232807336022456537328962095005323382940080676931822787496212635993279098588863972868266229522169377
  public exponent: 65537
  Validity: [From: Fri Aug 14 16:50:00 CEST 1998,
               To: Thu Aug 15 01:59:00 CEST 2013]
  Issuer: CN=GTE CyberTrust Root 5, OU="GTE CyberTrust Solutions, Inc.", O=GTE Corporation, C=US
  SerialNumber: [    01b6]

Certificate Extensions: 4
[1]: ObjectId: 2.5.29.19 Criticality=true
BasicConstraints:[
  CA:true
  PathLen:5
]

[2]: ObjectId: 2.5.29.32 Criticality=false
CertificatePolicies [
  [CertificatePolicyId: [1.2.840.113763.1.2.1.3]
[]  ]
]

[3]: ObjectId: 2.5.29.15 Criticality=true
KeyUsage [
  Key_CertSign
  Crl_Sign
]

[4]: ObjectId: 2.5.29.14 Criticality=false
SubjectKeyIdentifier [
KeyIdentifier [
0000: 76 0A 49 21 38 4C 9F DE   F8 C4 49 C7 71 71 91 9D  v.I!8L....I.qq..
]
]

]
  Algorithm: [SHA1withRSA]
  Signature:
0000: 41 3A D4 18 5B DA B8 DE   21 1C E1 8E 09 E5 F1 68  A:..[...!......h
0010: 34 FF DE 96 F4 07 F5 A7   3C F3 AC 4A B1 9B FA 92  4.......<..J....
0020: FA 9B ED E6 32 21 AA 4A   76 C5 DC 4F 38 E5 DF D5  ....2!.Jv..O8...
0030: 86 E4 D5 C8 76 7D 98 D7   B1 CD 8F 4D B5 91 23 6C  ....v......M..#l
0040: 8B 8A EB EA 7C EF 14 94   C4 C6 F0 1F 4A 2D 32 71  ............J-2q
0050: 63 2B 63 91 26 02 09 B6   80 1D ED E2 CC B8 7F DB  c+c.&...........
0060: 87 63 C8 E1 D0 6C 26 B1   35 1D 40 66 10 1B CD 95  .c...l&.5.@f....
0070: 54 18 33 61 EC 13 4F DA   13 F7 99 AF 3E D0 CF 8E  T.3a..O.....>...
0080: A6 72 A2 B3 C3 05 9A C9   27 7D 92 CC 7E 52 8D B3  .r......'....R..
0090: AB 70 6D 9E 89 9F 4D EB   1A 75 C2 98 AA D5 02 16  .pm...M..u......
00A0: D7 0C 8A BF 25 E4 EB 2D   BC 98 E9 58 38 19 7C B9  ....%..-...X8...
00B0: 37 FE DB E2 99 08 73 06   C7 97 83 6A 7D 10 01 2F  7.....s....j.../
00C0: 32 B9 17 05 4A 65 E6 2F   CE BE 5E 53 A6 82 E9 9A  2...Je./..^S....
00D0: 53 0A 84 74 2D 83 CA C8   94 16 76 5F 94 61 28 F0  S..t-.....v_.a(.
00E0: 85 A7 39 BB D7 8B D9 A8   B2 13 1D 54 09 34 24 7D  ..9........T.4$.
00F0: 20 81 7D 66 7E A2 90 74   5C 10 C6 BD EC AB 1B C2   ..f...t\.......

]|#]

[#|2016-01-21T17:01:01.170+0100|SEVERE|glassfish3.1.2|javax.enterprise.system.ssl.security.com.sun.enterprise.security.ssl.impl|_ThreadID=39;_ThreadName=Thread-2;|SEC5054: Certificate has expired: [
[
  Version: V3
  Subject: CN=GTE CyberTrust Root 5, OU="GTE CyberTrust Solutions, Inc.", O=GTE Corporation, C=US
  Signature Algorithm: SHA1withRSA, OID = 1.2.840.113549.1.1.5

  Key:  Sun RSA public key, 2048 bits
  modulus: 23741889829347261660812437366387754385443431973861114865490414153884050331745811968523116847625570146592736935209718565296053386842135985534863157983128812774162998053673746470782252407673402238146869994438729551246768368782318393878374421033907597162218758024581735139682087126982809511479059100617027892880227587855877479432885604404402435662802390484099065871430585284534529627347717530352189612077130606642676951640071336717026459037542552927905851171460589361570392199748753414855675665635003335769915908187224347232807336022456537328962095005323382940080676931822787496212635993279098588863972868266229522169377
  public exponent: 65537
  Validity: [From: Fri Aug 14 16:50:00 CEST 1998,
               To: Thu Aug 15 01:59:00 CEST 2013]
  Issuer: CN=GTE CyberTrust Root 5, OU="GTE CyberTrust Solutions, Inc.", O=GTE Corporation, C=US
  SerialNumber: [    01b6]

Certificate Extensions: 4
[1]: ObjectId: 2.5.29.19 Criticality=true
BasicConstraints:[
  CA:true
  PathLen:5
]

[2]: ObjectId: 2.5.29.32 Criticality=false
CertificatePolicies [
  [CertificatePolicyId: [1.2.840.113763.1.2.1.3]
[]  ]
]

[3]: ObjectId: 2.5.29.15 Criticality=true
KeyUsage [
  Key_CertSign
  Crl_Sign
]

[4]: ObjectId: 2.5.29.14 Criticality=false
SubjectKeyIdentifier [
KeyIdentifier [
0000: 76 0A 49 21 38 4C 9F DE   F8 C4 49 C7 71 71 91 9D  v.I!8L....I.qq..
]
]

]
  Algorithm: [SHA1withRSA]
  Signature:
0000: 41 3A D4 18 5B DA B8 DE   21 1C E1 8E 09 E5 F1 68  A:..[...!......h
0010: 34 FF DE 96 F4 07 F5 A7   3C F3 AC 4A B1 9B FA 92  4.......<..J....
0020: FA 9B ED E6 32 21 AA 4A   76 C5 DC 4F 38 E5 DF D5  ....2!.Jv..O8...
0030: 86 E4 D5 C8 76 7D 98 D7   B1 CD 8F 4D B5 91 23 6C  ....v......M..#l
0040: 8B 8A EB EA 7C EF 14 94   C4 C6 F0 1F 4A 2D 32 71  ............J-2q
0050: 63 2B 63 91 26 02 09 B6   80 1D ED E2 CC B8 7F DB  c+c.&...........
0060: 87 63 C8 E1 D0 6C 26 B1   35 1D 40 66 10 1B CD 95  .c...l&.5.@f....
0070: 54 18 33 61 EC 13 4F DA   13 F7 99 AF 3E D0 CF 8E  T.3a..O.....>...
0080: A6 72 A2 B3 C3 05 9A C9   27 7D 92 CC 7E 52 8D B3  .r......'....R..
0090: AB 70 6D 9E 89 9F 4D EB   1A 75 C2 98 AA D5 02 16  .pm...M..u......
00A0: D7 0C 8A BF 25 E4 EB 2D   BC 98 E9 58 38 19 7C B9  ....%..-...X8...
00B0: 37 FE DB E2 99 08 73 06   C7 97 83 6A 7D 10 01 2F  7.....s....j.../
00C0: 32 B9 17 05 4A 65 E6 2F   CE BE 5E 53 A6 82 E9 9A  2...Je./..^S....
00D0: 53 0A 84 74 2D 83 CA C8   94 16 76 5F 94 61 28 F0  S..t-.....v_.a(.
00E0: 85 A7 39 BB D7 8B D9 A8   B2 13 1D 54 09 34 24 7D  ..9........T.4$.
00F0: 20 81 7D 66 7E A2 90 74   5C 10 C6 BD EC AB 1B C2   ..f...t\.......

]|#]

[#|2016-01-21T17:01:01.213+0100|INFO|glassfish3.1.2|org.glassfish.admingui|_ThreadID=39;_ThreadName=Thread-2;|Redirecting to /|#]

[#|2016-01-21T17:01:01.763+0100|INFO|glassfish3.1.2|org.glassfish.admingui|_ThreadID=42;_ThreadName=Thread-2;|Admin Console: Initializing Session Attributes...|#]

